2017-06-27 20:47:35,956 INFO STARTING
2017-06-27 20:47:35,956 INFO Pinging every 120 seconds to check if the person should be asleep.
2017-06-27 20:49:35,956 INFO Pinging every 120 seconds to check if the person should be asleep.
2017-06-27 20:51:35,957 INFO Pinging every 120 seconds to check if the person should be asleep.
2017-06-27 20:53:35,964 INFO Pinging every 120 seconds to check if the person should be asleep.
2017-06-27 20:55:35,964 INFO Pinging every 120 seconds to check if the person should be asleep.
2017-06-27 20:57:35,976 INFO Pinging every 120 seconds to check if the person should be asleep.
2017-06-27 20:59:35,990 INFO Pinging every 120 seconds to check if the person should be asleep.
2017-06-27 21:01:35,990 INFO Pinging every 120 seconds to check if the person should be asleep.
2017-06-27 21:03:35,990 INFO Pinging every 120 seconds to check if the person should be asleep.
2017-06-27 21:05:35,990 INFO Pinging every 120 seconds to check if the person should be asleep.
2017-06-27 21:07:35,992 INFO Pinging every 120 seconds to check if the person should be asleep.
2017-06-27 21:09:35,993 INFO Pinging every 120 seconds to check if the person should be asleep.
2017-06-27 21:11:35,994 INFO Pinging every 120 seconds to check if the person should be asleep.
2017-06-27 21:13:35,996 INFO Pinging every 120 seconds to check if the person should be asleep.
2017-06-27 21:50:42,706 INFO Pinging every 120 seconds to check if the person should be asleep.
2017-06-27 21:52:42,706 INFO Pinging every 120 seconds to check if the person should be asleep.
2017-06-27 21:54:42,713 INFO Pinging every 120 seconds to check if the person should be asleep.
2017-06-27 21:56:42,713 INFO Pinging every 120 seconds to check if the person should be asleep.
2017-06-27 21:58:42,726 INFO Pinging every 120 seconds to check if the person should be asleep.
2017-06-27 22:00:42,717 INFO Pinging every 120 seconds to check if the person should be asleep.
2017-06-27 22:02:42,732 INFO Pinging every 120 seconds to check if the person should be asleep.
2017-06-27 22:04:42,742 INFO Pinging every 120 seconds to check if the person should be asleep.
2017-06-27 22:06:42,747 INFO Pinging every 120 seconds to check if the person should be asleep.
2017-06-27 22:08:42,750 INFO Pinging every 120 seconds to check if the person should be asleep.
2017-06-27 22:10:42,750 INFO Pinging every 120 seconds to check if the person should be asleep.
2017-06-27 22:12:42,752 INFO Pinging every 120 seconds to check if the person should be asleep.
2017-06-27 22:14:42,766 INFO Pinging every 120 seconds to check if the person should be asleep.
2017-06-27 22:16:42,766 INFO Pinging every 120 seconds to check if the person should be asleep.
2017-06-27 22:18:42,773 INFO Pinging every 120 seconds to check if the person should be asleep.
2017-06-27 22:20:42,782 INFO Pinging every 120 seconds to check if the person should be asleep.
2017-06-27 22:22:42,782 INFO Pinging every 120 seconds to check if the person should be asleep.
2017-06-27 22:24:42,796 INFO Pinging every 120 seconds to check if the person should be asleep.
2017-06-27 22:26:42,796 INFO Pinging every 120 seconds to check if the person should be asleep.
2017-06-27 22:28:42,806 INFO Pinging every 120 seconds to check if the person should be asleep.
2017-06-27 22:30:42,818 INFO Pinging every 120 seconds to check if the person should be asleep.
2017-06-27 22:32:42,825 INFO Pinging every 120 seconds to check if the person should be asleep.
2017-06-27 22:34:42,842 INFO Pinging every 120 seconds to check if the person should be asleep.
2017-06-27 22:36:42,842 INFO Pinging every 120 seconds to check if the person should be asleep.
2017-06-27 22:38:42,845 INFO Pinging every 120 seconds to check if the person should be asleep.
2017-06-27 22:40:42,845 INFO Pinging every 120 seconds to check if the person should be asleep.
2017-06-27 22:42:42,849 INFO Pinging every 120 seconds to check if the person should be asleep.
2017-06-27 22:44:42,849 INFO Pinging every 120 seconds to check if the person should be asleep.
2017-06-27 22:46:42,858 INFO Pinging every 120 seconds to check if the person should be asleep.
2017-06-27 22:48:42,864 INFO Pinging every 120 seconds to check if the person should be asleep.
2017-06-27 22:50:42,864 INFO Pinging every 120 seconds to check if the person should be asleep.
2017-06-27 22:52:42,868 INFO Pinging every 120 seconds to check if the person should be asleep.
2017-06-27 22:54:42,871 INFO Pinging every 120 seconds to check if the person should be asleep.
2017-06-27 22:56:42,877 INFO Pinging every 120 seconds to check if the person should be asleep.
2017-06-27 22:58:42,877 INFO Pinging every 120 seconds to check if the person should be asleep.
2017-06-27 23:00:42,881 INFO Pinging every 120 seconds to check if the person should be asleep.
2017-06-27 23:02:42,887 INFO Pinging every 120 seconds to check if the person should be asleep.
2017-06-27 23:04:42,900 INFO Pinging every 120 seconds to check if the person should be asleep.
2017-06-27 23:06:42,907 INFO Pinging every 120 seconds to check if the person should be asleep.
2017-06-27 23:08:42,907 INFO Pinging every 120 seconds to check if the person should be asleep.
2017-06-27 23:10:42,924 INFO Pinging every 120 seconds to check if the person should be asleep.
2017-06-27 23:12:42,937 INFO Pinging every 120 seconds to check if the person should be asleep.
2017-06-27 23:14:42,951 INFO Pinging every 120 seconds to check if the person should be asleep.
2017-06-27 23:16:42,953 INFO Pinging every 120 seconds to check if the person should be asleep.
2017-06-27 23:18:42,954 INFO Pinging every 120 seconds to check if the person should be asleep.
2017-06-27 23:20:42,956 INFO Pinging every 120 seconds to check if the person should be asleep.
2017-06-27 23:22:42,956 INFO Pinging every 120 seconds to check if the person should be asleep.
2017-06-27 23:24:42,960 INFO Pinging every 120 seconds to check if the person should be asleep.
2017-06-27 23:26:42,974 INFO Pinging every 120 seconds to check if the person should be asleep.
2017-06-27 23:28:42,976 INFO Pinging every 120 seconds to check if the person should be asleep.
2017-06-27 23:30:42,980 INFO Pinging every 120 seconds to check if the person should be asleep.
2017-06-27 23:32:42,980 INFO Pinging every 120 seconds to check if the person should be asleep.
2017-06-27 23:34:42,984 INFO Pinging every 120 seconds to check if the person should be asleep.
2017-06-27 23:36:42,994 INFO Pinging every 120 seconds to check if the person should be asleep.
2017-06-27 23:38:43,000 INFO Pinging every 120 seconds to check if the person should be asleep.
2017-06-27 23:40:43,002 INFO Pinging every 120 seconds to check if the person should be asleep.
2017-06-27 23:42:43,013 INFO Pinging every 120 seconds to check if the person should be asleep.
2017-06-27 23:44:43,016 INFO Pinging every 120 seconds to check if the person should be asleep.
2017-06-27 23:46:43,029 INFO Pinging every 120 seconds to check if the person should be asleep.
2017-06-27 23:48:43,038 INFO Pinging every 120 seconds to check if the person should be asleep.
2017-06-27 23:50:43,038 INFO Pinging every 120 seconds to check if the person should be asleep.
2017-06-27 23:52:43,039 INFO Pinging every 120 seconds to check if the person should be asleep.
2017-06-27 23:54:43,040 INFO Pinging every 120 seconds to check if the person should be asleep.
2017-06-27 23:56:43,042 INFO Pinging every 120 seconds to check if the person should be asleep.
2017-06-27 23:58:43,045 INFO Pinging every 120 seconds to check if the person should be asleep.
2017-06-28 00:00:43,055 INFO Pinging every 120 seconds to check if the person should be asleep.
2017-06-28 00:02:43,063 INFO Pinging every 120 seconds to check if the person should be asleep.
2017-06-28 00:04:43,081 INFO Pinging every 120 seconds to check if the person should be asleep.
2017-06-28 00:06:43,082 INFO Pinging every 120 seconds to check if the person should be asleep.
2017-06-28 00:08:43,089 INFO Pinging every 120 seconds to check if the person should be asleep.
2017-06-28 00:10:43,089 INFO Pinging every 120 seconds to check if the person should be asleep.
2017-06-28 00:12:43,089 INFO Pinging every 120 seconds to check if the person should be asleep.
2017-06-28 00:14:43,098 INFO Pinging every 120 seconds to check if the person should be asleep.
2017-06-28 00:16:43,101 INFO Pinging every 120 seconds to check if the person should be asleep.
2017-06-28 00:18:43,111 INFO Pinging every 120 seconds to check if the person should be asleep.
2017-06-28 00:20:43,111 INFO Pinging every 120 seconds to check if the person should be asleep.
2017-06-28 00:22:43,121 INFO Pinging every 120 seconds to check if the person should be asleep.
2017-06-28 00:24:43,121 INFO Pinging every 120 seconds to check if the person should be asleep.
2017-06-28 00:26:43,130 INFO Pinging every 120 seconds to check if the person should be asleep.
2017-06-28 00:28:43,138 INFO Pinging every 120 seconds to check if the person should be asleep.
2017-06-28 00:30:43,140 INFO Pinging every 120 seconds to check if the person should be asleep.
2017-06-28 00:32:43,148 INFO Pinging every 120 seconds to check if the person should be asleep.
2017-06-28 00:34:43,150 INFO Pinging every 120 seconds to check if the person should be asleep.
2017-06-28 00:36:43,157 INFO Pinging every 120 seconds to check if the person should be asleep.
2017-06-28 00:38:43,165 INFO Pinging every 120 seconds to check if the person should be asleep.
2017-06-28 00:40:43,173 INFO Pinging every 120 seconds to check if the person should be asleep.
2017-06-28 00:42:43,174 INFO Pinging every 120 seconds to check if the person should be asleep.
2017-06-28 00:44:43,180 INFO Pinging every 120 seconds to check if the person should be asleep.
2017-06-28 00:46:43,181 INFO Pinging every 120 seconds to check if the person should be asleep.
2017-06-28 00:48:43,190 INFO Pinging every 120 seconds to check if the person should be asleep.
2017-06-28 00:50:43,200 INFO Pinging every 120 seconds to check if the person should be asleep.
2017-06-28 00:52:43,203 INFO Pinging every 120 seconds to check if the person should be asleep.
2017-06-28 00:54:43,209 INFO Pinging every 120 seconds to check if the person should be asleep.
2017-06-28 00:56:43,220 INFO Pinging every 120 seconds to check if the person should be asleep.
2017-06-28 00:58:43,221 INFO Pinging every 120 seconds to check if the person should be asleep.
2017-06-28 01:00:43,232 INFO Pinging every 120 seconds to check if the person should be asleep.
2017-06-28 01:02:43,234 INFO Pinging every 120 seconds to check if the person should be asleep.
2017-06-28 01:04:43,253 INFO Pinging every 120 seconds to check if the person should be asleep.
2017-06-28 01:06:43,269 INFO Pinging every 120 seconds to check if the person should be asleep.
2017-06-28 01:08:43,279 INFO Pinging every 120 seconds to check if the person should be asleep.
2017-06-28 01:10:43,282 INFO Pinging every 120 seconds to check if the person should be asleep.
2017-06-28 01:12:43,282 INFO Pinging every 120 seconds to check if the person should be asleep.
2017-06-28 01:14:43,302 INFO Pinging every 120 seconds to check if the person should be asleep.
2017-06-28 01:16:43,302 INFO Pinging every 120 seconds to check if the person should be asleep.
2017-06-28 01:18:43,313 INFO Pinging every 120 seconds to check if the person should be asleep.
2017-06-28 01:20:43,315 INFO Pinging every 120 seconds to check if the person should be asleep.
2017-06-28 01:22:43,316 INFO Pinging every 120 seconds to check if the person should be asleep.
2017-06-28 01:24:43,323 INFO Pinging every 120 seconds to check if the person should be asleep.
2017-06-28 01:26:43,338 INFO Pinging every 120 seconds to check if the person should be asleep.
2017-06-28 01:28:43,351 INFO Pinging every 120 seconds to check if the person should be asleep.
2017-06-28 01:30:43,351 INFO Pinging every 120 seconds to check if the person should be asleep.
2017-06-28 01:32:43,365 INFO Pinging every 120 seconds to check if the person should be asleep.
2017-06-28 01:34:43,368 INFO Pinging every 120 seconds to check if the person should be asleep.
2017-06-28 01:36:43,369 INFO Pinging every 120 seconds to check if the person should be asleep.
2017-06-28 01:38:43,378 INFO Pinging every 120 seconds to check if the person should be asleep.
2017-06-28 01:40:43,385 INFO Pinging every 120 seconds to check if the person should be asleep.
2017-06-28 01:42:43,385 INFO Pinging every 120 seconds to check if the person should be asleep.
2017-06-28 01:44:43,387 INFO Pinging every 120 seconds to check if the person should be asleep.
2017-06-28 01:46:43,395 INFO Pinging every 120 seconds to check if the person should be asleep.
2017-06-28 01:48:43,397 INFO Pinging every 120 seconds to check if the person should be asleep.
2017-06-28 01:50:43,411 INFO Pinging every 120 seconds to check if the person should be asleep.
2017-06-28 01:52:43,430 INFO Pinging every 120 seconds to check if the person should be asleep.
2017-06-28 01:54:43,437 INFO Pinging every 120 seconds to check if the person should be asleep.
2017-06-28 01:56:43,453 INFO Pinging every 120 seconds to check if the person should be asleep.
2017-06-28 01:58:43,460 INFO Pinging every 120 seconds to check if the person should be asleep.
2017-06-28 02:00:43,461 INFO Trying to open the file containing the Tokens.
2017-06-28 02:00:43,461 INFO Trying to retrieve the data.
2017-06-28 02:00:43,461 INFO Successfully closed the file that contains current tokens.
2017-06-28 02:00:43,461 INFO Stripping the newline and whitespace from tokens.
2017-06-28 02:00:43,461 INFO The passed access_token to MakeAPICall is eyJhbGciOiJIUzI1NiJ9.eyJzdWIiOiI1VDIzUjYiLCJhdWQiOiIyMjhGRDYiLCJpc3MiOiJGaXRiaXQiLCJ0eXAiOiJhY2Nlc3NfdG9rZW4iLCJzY29wZXMiOiJyc29jIHJhY3QgcnNldCBybG9jIHJ3ZWkgcmhyIHJudXQgcnBybyByc2xlIiwiZXhwIjoxNDk4NjUwMDEwLCJpYXQiOjE0OTg2MjEyMTB9.A5HH-YHcJPEWQWnW9QCVfkY4tnSLrSmNQyNRk8ubC5Q
2017-06-28 02:00:43,461 INFO Trying to open the URL
2017-06-28 02:00:44,831 INFO Reading the response
2017-06-28 02:00:44,832 INFO Writing the data to a file.
2017-06-28 02:00:44,832 INFO Successfully wrote data to file.
2017-06-28 02:00:44,832 INFO Call to the URL succeeded.
2017-06-28 02:00:44,832 INFO Opening the file: C:\Users\Owner\Documents\Code\MyData.txt
2017-06-28 02:00:44,832 INFO Reading from the file
2017-06-28 02:00:44,832 INFO Closing the file.
2017-06-28 02:00:44,832 INFO Trying to see whether the person has already woken up.
2017-06-28 02:00:44,832 INFO Sleep has not yet ended.
2017-06-28 02:10:44,835 INFO The passed access_token to MakeAPICall is eyJhbGciOiJIUzI1NiJ9.eyJzdWIiOiI1VDIzUjYiLCJhdWQiOiIyMjhGRDYiLCJpc3MiOiJGaXRiaXQiLCJ0eXAiOiJhY2Nlc3NfdG9rZW4iLCJzY29wZXMiOiJyc29jIHJhY3QgcnNldCBybG9jIHJ3ZWkgcmhyIHJudXQgcnBybyByc2xlIiwiZXhwIjoxNDk4NjUwMDEwLCJpYXQiOjE0OTg2MjEyMTB9.A5HH-YHcJPEWQWnW9QCVfkY4tnSLrSmNQyNRk8ubC5Q
2017-06-28 02:10:44,835 INFO Trying to open the URL
2017-06-28 02:10:45,118 INFO Reading the response
2017-06-28 02:10:45,118 INFO Writing the data to a file.
2017-06-28 02:10:45,118 INFO Successfully wrote data to file.
2017-06-28 02:10:45,118 INFO Call to the URL succeeded.
2017-06-28 02:10:45,118 INFO Trying to see whether the person has already woken up.
2017-06-28 02:10:45,118 INFO Sleep has not yet ended.
2017-06-28 02:20:45,131 INFO The passed access_token to MakeAPICall is eyJhbGciOiJIUzI1NiJ9.eyJzdWIiOiI1VDIzUjYiLCJhdWQiOiIyMjhGRDYiLCJpc3MiOiJGaXRiaXQiLCJ0eXAiOiJhY2Nlc3NfdG9rZW4iLCJzY29wZXMiOiJyc29jIHJhY3QgcnNldCBybG9jIHJ3ZWkgcmhyIHJudXQgcnBybyByc2xlIiwiZXhwIjoxNDk4NjUwMDEwLCJpYXQiOjE0OTg2MjEyMTB9.A5HH-YHcJPEWQWnW9QCVfkY4tnSLrSmNQyNRk8ubC5Q
2017-06-28 02:20:45,131 INFO Trying to open the URL
2017-06-28 02:20:45,446 INFO Reading the response
2017-06-28 02:20:45,446 INFO Writing the data to a file.
2017-06-28 02:20:45,461 INFO Successfully wrote data to file.
2017-06-28 02:20:45,461 INFO Call to the URL succeeded.
2017-06-28 02:20:45,461 INFO Trying to see whether the person has already woken up.
2017-06-28 02:20:45,461 INFO Sleep has not yet ended.
2017-06-28 02:30:45,461 INFO The passed access_token to MakeAPICall is eyJhbGciOiJIUzI1NiJ9.eyJzdWIiOiI1VDIzUjYiLCJhdWQiOiIyMjhGRDYiLCJpc3MiOiJGaXRiaXQiLCJ0eXAiOiJhY2Nlc3NfdG9rZW4iLCJzY29wZXMiOiJyc29jIHJhY3QgcnNldCBybG9jIHJ3ZWkgcmhyIHJudXQgcnBybyByc2xlIiwiZXhwIjoxNDk4NjUwMDEwLCJpYXQiOjE0OTg2MjEyMTB9.A5HH-YHcJPEWQWnW9QCVfkY4tnSLrSmNQyNRk8ubC5Q
2017-06-28 02:30:45,461 INFO Trying to open the URL
2017-06-28 02:30:45,724 INFO Reading the response
2017-06-28 02:30:45,724 INFO Writing the data to a file.
2017-06-28 02:30:45,724 INFO Successfully wrote data to file.
2017-06-28 02:30:45,724 INFO Call to the URL succeeded.
2017-06-28 02:30:45,724 INFO Trying to see whether the person has already woken up.
2017-06-28 02:30:45,724 INFO Sleep has not yet ended.
2017-06-28 02:40:45,724 INFO The passed access_token to MakeAPICall is eyJhbGciOiJIUzI1NiJ9.eyJzdWIiOiI1VDIzUjYiLCJhdWQiOiIyMjhGRDYiLCJpc3MiOiJGaXRiaXQiLCJ0eXAiOiJhY2Nlc3NfdG9rZW4iLCJzY29wZXMiOiJyc29jIHJhY3QgcnNldCBybG9jIHJ3ZWkgcmhyIHJudXQgcnBybyByc2xlIiwiZXhwIjoxNDk4NjUwMDEwLCJpYXQiOjE0OTg2MjEyMTB9.A5HH-YHcJPEWQWnW9QCVfkY4tnSLrSmNQyNRk8ubC5Q
2017-06-28 02:40:45,726 INFO Trying to open the URL
2017-06-28 02:40:46,045 INFO Reading the response
2017-06-28 02:40:46,045 INFO Writing the data to a file.
2017-06-28 02:40:46,045 INFO Successfully wrote data to file.
2017-06-28 02:40:46,045 INFO Call to the URL succeeded.
2017-06-28 02:40:46,045 INFO Trying to see whether the person has already woken up.
2017-06-28 02:40:46,045 INFO Sleep has not yet ended.
2017-06-28 02:50:46,055 INFO The passed access_token to MakeAPICall is eyJhbGciOiJIUzI1NiJ9.eyJzdWIiOiI1VDIzUjYiLCJhdWQiOiIyMjhGRDYiLCJpc3MiOiJGaXRiaXQiLCJ0eXAiOiJhY2Nlc3NfdG9rZW4iLCJzY29wZXMiOiJyc29jIHJhY3QgcnNldCBybG9jIHJ3ZWkgcmhyIHJudXQgcnBybyByc2xlIiwiZXhwIjoxNDk4NjUwMDEwLCJpYXQiOjE0OTg2MjEyMTB9.A5HH-YHcJPEWQWnW9QCVfkY4tnSLrSmNQyNRk8ubC5Q
2017-06-28 02:50:46,055 INFO Trying to open the URL
2017-06-28 02:50:46,308 INFO Reading the response
2017-06-28 02:50:46,308 INFO Writing the data to a file.
2017-06-28 02:50:46,308 INFO Successfully wrote data to file.
2017-06-28 02:50:46,308 INFO Call to the URL succeeded.
2017-06-28 02:50:46,308 INFO Trying to see whether the person has already woken up.
2017-06-28 02:50:46,308 INFO Sleep has not yet ended.
2017-06-28 03:00:46,332 INFO The passed access_token to MakeAPICall is eyJhbGciOiJIUzI1NiJ9.eyJzdWIiOiI1VDIzUjYiLCJhdWQiOiIyMjhGRDYiLCJpc3MiOiJGaXRiaXQiLCJ0eXAiOiJhY2Nlc3NfdG9rZW4iLCJzY29wZXMiOiJyc29jIHJhY3QgcnNldCBybG9jIHJ3ZWkgcmhyIHJudXQgcnBybyByc2xlIiwiZXhwIjoxNDk4NjUwMDEwLCJpYXQiOjE0OTg2MjEyMTB9.A5HH-YHcJPEWQWnW9QCVfkY4tnSLrSmNQyNRk8ubC5Q
2017-06-28 03:00:46,332 INFO Trying to open the URL
2017-06-28 03:00:46,480 INFO Reading the response
2017-06-28 03:00:46,480 INFO Writing the data to a file.
2017-06-28 03:00:46,480 INFO Successfully wrote data to file.
2017-06-28 03:00:46,480 INFO Call to the URL succeeded.
2017-06-28 03:00:46,480 INFO Trying to see whether the person has already woken up.
2017-06-28 03:00:46,480 INFO Sleep has not yet ended.
2017-06-28 03:10:46,499 INFO The passed access_token to MakeAPICall is eyJhbGciOiJIUzI1NiJ9.eyJzdWIiOiI1VDIzUjYiLCJhdWQiOiIyMjhGRDYiLCJpc3MiOiJGaXRiaXQiLCJ0eXAiOiJhY2Nlc3NfdG9rZW4iLCJzY29wZXMiOiJyc29jIHJhY3QgcnNldCBybG9jIHJ3ZWkgcmhyIHJudXQgcnBybyByc2xlIiwiZXhwIjoxNDk4NjUwMDEwLCJpYXQiOjE0OTg2MjEyMTB9.A5HH-YHcJPEWQWnW9QCVfkY4tnSLrSmNQyNRk8ubC5Q
2017-06-28 03:10:46,499 INFO Trying to open the URL
2017-06-28 03:10:46,730 INFO Reading the response
2017-06-28 03:10:46,730 INFO Writing the data to a file.
2017-06-28 03:10:46,730 INFO Successfully wrote data to file.
2017-06-28 03:10:46,730 INFO Call to the URL succeeded.
2017-06-28 03:10:46,730 INFO Trying to see whether the person has already woken up.
2017-06-28 03:10:46,730 INFO Sleep has not yet ended.
2017-06-28 03:20:46,740 INFO The passed access_token to MakeAPICall is eyJhbGciOiJIUzI1NiJ9.eyJzdWIiOiI1VDIzUjYiLCJhdWQiOiIyMjhGRDYiLCJpc3MiOiJGaXRiaXQiLCJ0eXAiOiJhY2Nlc3NfdG9rZW4iLCJzY29wZXMiOiJyc29jIHJhY3QgcnNldCBybG9jIHJ3ZWkgcmhyIHJudXQgcnBybyByc2xlIiwiZXhwIjoxNDk4NjUwMDEwLCJpYXQiOjE0OTg2MjEyMTB9.A5HH-YHcJPEWQWnW9QCVfkY4tnSLrSmNQyNRk8ubC5Q
2017-06-28 03:20:46,740 INFO Trying to open the URL
2017-06-28 03:20:47,009 INFO Reading the response
2017-06-28 03:20:47,009 INFO Writing the data to a file.
2017-06-28 03:20:47,009 INFO Successfully wrote data to file.
2017-06-28 03:20:47,009 INFO Call to the URL succeeded.
2017-06-28 03:20:47,009 INFO Trying to see whether the person has already woken up.
2017-06-28 03:20:47,009 INFO Sleep has not yet ended.
2017-06-28 03:30:47,013 INFO The passed access_token to MakeAPICall is eyJhbGciOiJIUzI1NiJ9.eyJzdWIiOiI1VDIzUjYiLCJhdWQiOiIyMjhGRDYiLCJpc3MiOiJGaXRiaXQiLCJ0eXAiOiJhY2Nlc3NfdG9rZW4iLCJzY29wZXMiOiJyc29jIHJhY3QgcnNldCBybG9jIHJ3ZWkgcmhyIHJudXQgcnBybyByc2xlIiwiZXhwIjoxNDk4NjUwMDEwLCJpYXQiOjE0OTg2MjEyMTB9.A5HH-YHcJPEWQWnW9QCVfkY4tnSLrSmNQyNRk8ubC5Q
2017-06-28 03:30:47,013 INFO Trying to open the URL
2017-06-28 03:30:47,348 INFO Reading the response
2017-06-28 03:30:47,348 INFO Writing the data to a file.
2017-06-28 03:30:47,348 INFO Successfully wrote data to file.
2017-06-28 03:30:47,348 INFO Call to the URL succeeded.
2017-06-28 03:30:47,364 INFO Trying to see whether the person has already woken up.
2017-06-28 03:30:47,364 INFO Sleep has not yet ended.
2017-06-28 03:40:47,365 INFO The passed access_token to MakeAPICall is eyJhbGciOiJIUzI1NiJ9.eyJzdWIiOiI1VDIzUjYiLCJhdWQiOiIyMjhGRDYiLCJpc3MiOiJGaXRiaXQiLCJ0eXAiOiJhY2Nlc3NfdG9rZW4iLCJzY29wZXMiOiJyc29jIHJhY3QgcnNldCBybG9jIHJ3ZWkgcmhyIHJudXQgcnBybyByc2xlIiwiZXhwIjoxNDk4NjUwMDEwLCJpYXQiOjE0OTg2MjEyMTB9.A5HH-YHcJPEWQWnW9QCVfkY4tnSLrSmNQyNRk8ubC5Q
2017-06-28 03:40:47,365 INFO Trying to open the URL
2017-06-28 03:40:47,729 INFO Reading the response
2017-06-28 03:40:47,729 INFO Writing the data to a file.
2017-06-28 03:40:47,729 INFO Successfully wrote data to file.
2017-06-28 03:40:47,729 INFO Call to the URL succeeded.
2017-06-28 03:40:47,729 INFO Trying to see whether the person has already woken up.
2017-06-28 03:40:47,729 INFO Sleep has not yet ended.
2017-06-28 03:50:47,740 INFO The passed access_token to MakeAPICall is eyJhbGciOiJIUzI1NiJ9.eyJzdWIiOiI1VDIzUjYiLCJhdWQiOiIyMjhGRDYiLCJpc3MiOiJGaXRiaXQiLCJ0eXAiOiJhY2Nlc3NfdG9rZW4iLCJzY29wZXMiOiJyc29jIHJhY3QgcnNldCBybG9jIHJ3ZWkgcmhyIHJudXQgcnBybyByc2xlIiwiZXhwIjoxNDk4NjUwMDEwLCJpYXQiOjE0OTg2MjEyMTB9.A5HH-YHcJPEWQWnW9QCVfkY4tnSLrSmNQyNRk8ubC5Q
2017-06-28 03:50:47,740 INFO Trying to open the URL
2017-06-28 03:50:48,096 INFO Reading the response
2017-06-28 03:50:48,098 INFO Writing the data to a file.
2017-06-28 03:50:48,101 INFO Successfully wrote data to file.
2017-06-28 03:50:48,101 INFO Call to the URL succeeded.
2017-06-28 03:50:48,101 INFO Trying to see whether the person has already woken up.
2017-06-28 03:50:48,102 INFO Sleep has not yet ended.
2017-06-28 04:00:48,104 INFO The passed access_token to MakeAPICall is eyJhbGciOiJIUzI1NiJ9.eyJzdWIiOiI1VDIzUjYiLCJhdWQiOiIyMjhGRDYiLCJpc3MiOiJGaXRiaXQiLCJ0eXAiOiJhY2Nlc3NfdG9rZW4iLCJzY29wZXMiOiJyc29jIHJhY3QgcnNldCBybG9jIHJ3ZWkgcmhyIHJudXQgcnBybyByc2xlIiwiZXhwIjoxNDk4NjUwMDEwLCJpYXQiOjE0OTg2MjEyMTB9.A5HH-YHcJPEWQWnW9QCVfkY4tnSLrSmNQyNRk8ubC5Q
2017-06-28 04:00:48,104 INFO Trying to open the URL
2017-06-28 04:00:48,388 INFO Reading the response
2017-06-28 04:00:48,388 INFO Writing the data to a file.
2017-06-28 04:00:48,388 INFO Successfully wrote data to file.
2017-06-28 04:00:48,388 INFO Call to the URL succeeded.
2017-06-28 04:00:48,388 INFO Trying to see whether the person has already woken up.
2017-06-28 04:00:48,388 INFO Sleep has not yet ended.
2017-06-28 04:10:48,394 INFO The passed access_token to MakeAPICall is eyJhbGciOiJIUzI1NiJ9.eyJzdWIiOiI1VDIzUjYiLCJhdWQiOiIyMjhGRDYiLCJpc3MiOiJGaXRiaXQiLCJ0eXAiOiJhY2Nlc3NfdG9rZW4iLCJzY29wZXMiOiJyc29jIHJhY3QgcnNldCBybG9jIHJ3ZWkgcmhyIHJudXQgcnBybyByc2xlIiwiZXhwIjoxNDk4NjUwMDEwLCJpYXQiOjE0OTg2MjEyMTB9.A5HH-YHcJPEWQWnW9QCVfkY4tnSLrSmNQyNRk8ubC5Q
2017-06-28 04:10:48,394 INFO Trying to open the URL
2017-06-28 04:10:48,793 INFO Reading the response
2017-06-28 04:10:48,793 INFO Writing the data to a file.
2017-06-28 04:10:48,793 INFO Successfully wrote data to file.
2017-06-28 04:10:48,793 INFO Call to the URL succeeded.
2017-06-28 04:10:48,793 INFO Trying to see whether the person has already woken up.
2017-06-28 04:10:48,793 INFO Sleep has not yet ended.
2017-06-28 04:20:48,795 INFO The passed access_token to MakeAPICall is eyJhbGciOiJIUzI1NiJ9.eyJzdWIiOiI1VDIzUjYiLCJhdWQiOiIyMjhGRDYiLCJpc3MiOiJGaXRiaXQiLCJ0eXAiOiJhY2Nlc3NfdG9rZW4iLCJzY29wZXMiOiJyc29jIHJhY3QgcnNldCBybG9jIHJ3ZWkgcmhyIHJudXQgcnBybyByc2xlIiwiZXhwIjoxNDk4NjUwMDEwLCJpYXQiOjE0OTg2MjEyMTB9.A5HH-YHcJPEWQWnW9QCVfkY4tnSLrSmNQyNRk8ubC5Q
2017-06-28 04:20:48,795 INFO Trying to open the URL
2017-06-28 04:20:49,017 INFO Reading the response
2017-06-28 04:20:49,017 INFO Writing the data to a file.
2017-06-28 04:20:49,017 INFO Successfully wrote data to file.
2017-06-28 04:20:49,017 INFO Call to the URL succeeded.
2017-06-28 04:20:49,017 INFO Trying to see whether the person has already woken up.
2017-06-28 04:20:49,017 INFO Sleep has not yet ended.
2017-06-28 04:30:49,028 INFO The passed access_token to MakeAPICall is eyJhbGciOiJIUzI1NiJ9.eyJzdWIiOiI1VDIzUjYiLCJhdWQiOiIyMjhGRDYiLCJpc3MiOiJGaXRiaXQiLCJ0eXAiOiJhY2Nlc3NfdG9rZW4iLCJzY29wZXMiOiJyc29jIHJhY3QgcnNldCBybG9jIHJ3ZWkgcmhyIHJudXQgcnBybyByc2xlIiwiZXhwIjoxNDk4NjUwMDEwLCJpYXQiOjE0OTg2MjEyMTB9.A5HH-YHcJPEWQWnW9QCVfkY4tnSLrSmNQyNRk8ubC5Q
2017-06-28 04:30:49,029 INFO Trying to open the URL
2017-06-28 04:30:49,329 INFO Reading the response
2017-06-28 04:30:49,331 INFO Writing the data to a file.
2017-06-28 04:30:49,332 INFO Successfully wrote data to file.
2017-06-28 04:30:49,334 INFO Call to the URL succeeded.
2017-06-28 04:30:49,334 INFO Trying to see whether the person has already woken up.
2017-06-28 04:30:49,334 INFO Sleep has not yet ended.
2017-06-28 04:40:49,335 INFO The passed access_token to MakeAPICall is eyJhbGciOiJIUzI1NiJ9.eyJzdWIiOiI1VDIzUjYiLCJhdWQiOiIyMjhGRDYiLCJpc3MiOiJGaXRiaXQiLCJ0eXAiOiJhY2Nlc3NfdG9rZW4iLCJzY29wZXMiOiJyc29jIHJhY3QgcnNldCBybG9jIHJ3ZWkgcmhyIHJudXQgcnBybyByc2xlIiwiZXhwIjoxNDk4NjUwMDEwLCJpYXQiOjE0OTg2MjEyMTB9.A5HH-YHcJPEWQWnW9QCVfkY4tnSLrSmNQyNRk8ubC5Q
2017-06-28 04:40:49,335 INFO Trying to open the URL
2017-06-28 04:40:49,605 INFO Call to the URL failed.
2017-06-28 04:40:49,605 INFO ERROR message: 
   {"errors":[{"errorType":"expired_token","message":"Access token expired: eyJhbGciOiJIUzI1NiJ9.eyJzdWIiOiI1VDIzUjYiLCJhdWQiOiIyMjhGRDYiLCJpc3MiOiJGaXRiaXQiLCJ0eXAiOiJhY2Nlc3NfdG9rZW4iLCJzY29wZXMiOiJyc29jIHJhY3QgcnNldCBybG9jIHJ3ZWkgcmhyIHJudXQgcnBybyByc2xlIiwiZXhwIjoxNDk4NjUwMDEwLCJpYXQiOjE0OTg2MjEyMTB9.A5HH-YHcJPEWQWnW9QCVfkY4tnSLrSmNQyNRk8ubC5Q. Visit https://dev.fitbit.com/docs/oauth2 for more information on the Fitbit Web API authorization process."}],"success":false}
2017-06-28 04:40:49,605 INFO ERROR was out of date tokens, refreshing tokens.
2017-06-28 04:40:49,605 INFO Refresh token: 8472b6663ebe2348eb9bf609ff021ff0cca641c4434ab5ffb7660148dea566e2
2017-06-28 04:40:49,828 INFO Writing new tokens to the config file
2017-06-28 04:40:49,828 INFO Writing this: eyJhbGciOiJIUzI1NiJ9.eyJzdWIiOiI1VDIzUjYiLCJhdWQiOiIyMjhGRDYiLCJpc3MiOiJGaXRiaXQiLCJ0eXAiOiJhY2Nlc3NfdG9rZW4iLCJzY29wZXMiOiJyc29jIHJhY3QgcnNldCBybG9jIHJ3ZWkgcmhyIHJwcm8gcm51dCByc2xlIiwiZXhwIjoxNDk4Njc4ODUwLCJpYXQiOjE0OTg2NTAwNTB9.wWoTMjLP3yO92o2aWk8Yh4WB_-gYb2SC6wbGd_uS3LY and 52e0a53645a61760df6f9343e20b9adcd685ef4a062fc7e7175913c97a531dfd
2017-06-28 04:40:49,844 INFO The passed access_token to MakeAPICall is eyJhbGciOiJIUzI1NiJ9.eyJzdWIiOiI1VDIzUjYiLCJhdWQiOiIyMjhGRDYiLCJpc3MiOiJGaXRiaXQiLCJ0eXAiOiJhY2Nlc3NfdG9rZW4iLCJzY29wZXMiOiJyc29jIHJhY3QgcnNldCBybG9jIHJ3ZWkgcmhyIHJwcm8gcm51dCByc2xlIiwiZXhwIjoxNDk4Njc4ODUwLCJpYXQiOjE0OTg2NTAwNTB9.wWoTMjLP3yO92o2aWk8Yh4WB_-gYb2SC6wbGd_uS3LY
2017-06-28 04:40:49,844 INFO Trying to open the URL
2017-06-28 04:40:50,069 INFO Reading the response
2017-06-28 04:40:50,071 INFO Writing the data to a file.
2017-06-28 04:40:50,072 INFO Successfully wrote data to file.
2017-06-28 04:40:50,072 INFO Call to the URL succeeded.
2017-06-28 04:40:50,072 INFO Trying to see whether the person has already woken up.
2017-06-28 04:40:50,073 INFO Sleep has not yet ended.
2017-06-28 04:50:50,085 INFO The passed access_token to MakeAPICall is eyJhbGciOiJIUzI1NiJ9.eyJzdWIiOiI1VDIzUjYiLCJhdWQiOiIyMjhGRDYiLCJpc3MiOiJGaXRiaXQiLCJ0eXAiOiJhY2Nlc3NfdG9rZW4iLCJzY29wZXMiOiJyc29jIHJhY3QgcnNldCBybG9jIHJ3ZWkgcmhyIHJudXQgcnBybyByc2xlIiwiZXhwIjoxNDk4NjUwMDEwLCJpYXQiOjE0OTg2MjEyMTB9.A5HH-YHcJPEWQWnW9QCVfkY4tnSLrSmNQyNRk8ubC5Q
2017-06-28 04:50:50,088 INFO Trying to open the URL
2017-06-28 04:50:50,371 INFO Call to the URL failed.
2017-06-28 04:50:50,371 INFO ERROR message: 
   {"errors":[{"errorType":"expired_token","message":"Access token expired: eyJhbGciOiJIUzI1NiJ9.eyJzdWIiOiI1VDIzUjYiLCJhdWQiOiIyMjhGRDYiLCJpc3MiOiJGaXRiaXQiLCJ0eXAiOiJhY2Nlc3NfdG9rZW4iLCJzY29wZXMiOiJyc29jIHJhY3QgcnNldCBybG9jIHJ3ZWkgcmhyIHJudXQgcnBybyByc2xlIiwiZXhwIjoxNDk4NjUwMDEwLCJpYXQiOjE0OTg2MjEyMTB9.A5HH-YHcJPEWQWnW9QCVfkY4tnSLrSmNQyNRk8ubC5Q. Visit https://dev.fitbit.com/docs/oauth2 for more information on the Fitbit Web API authorization process."}],"success":false}
2017-06-28 04:50:50,371 INFO ERROR was out of date tokens, refreshing tokens.
2017-06-28 04:50:50,371 INFO Refresh token: 8472b6663ebe2348eb9bf609ff021ff0cca641c4434ab5ffb7660148dea566e2
2017-06-28 04:50:50,589 INFO An error was raised when getting the access token.  Need to stop here
2017-06-28 04:50:50,589 INFO {"errors":[{"errorType":"invalid_grant","message":"Refresh token invalid: 8472b6663ebe2348eb9bf609ff021ff0cca641c4434ab5ffb7660148dea566e2. Visit https://dev.fitbit.com/docs/oauth2 for more information on the Fitbit Web API authorization process."}],"success":false}
2017-06-28 04:50:50,589 INFO The passed access_token to MakeAPICall is None
2017-06-28 19:05:18,157 INFO STARTING
2017-06-28 19:05:18,158 INFO Trying to open the file containing the Tokens.
2017-06-28 19:05:18,163 INFO Trying to retrieve the data.
2017-06-28 19:05:18,164 INFO Successfully closed the file that contains current tokens.
2017-06-28 19:05:18,164 INFO Stripping the newline and whitespace from tokens.
2017-06-28 19:05:18,164 INFO The passed access_token to MakeAPICall is eyJhbGciOiJIUzI1NiJ9.eyJzdWIiOiI1VDIzUjYiLCJhdWQiOiIyMjhGRDYiLCJpc3MiOiJGaXRiaXQiLCJ0eXAiOiJhY2Nlc3NfdG9rZW4iLCJzY29wZXMiOiJyc29jIHJhY3QgcnNldCBybG9jIHJ3ZWkgcmhyIHJwcm8gcm51dCByc2xlIiwiZXhwIjoxNDk4Njc4ODUwLCJpYXQiOjE0OTg2NTAwNTB9.wWoTMjLP3yO92o2aWk8Yh4WB_-gYb2SC6wbGd_uS3LY
2017-06-28 19:05:18,164 INFO Trying to open the URL
2017-06-28 19:05:18,417 INFO Call to the URL failed.
2017-06-28 19:05:18,418 INFO ERROR message: 
   {"errors":[{"errorType":"expired_token","message":"Access token expired: eyJhbGciOiJIUzI1NiJ9.eyJzdWIiOiI1VDIzUjYiLCJhdWQiOiIyMjhGRDYiLCJpc3MiOiJGaXRiaXQiLCJ0eXAiOiJhY2Nlc3NfdG9rZW4iLCJzY29wZXMiOiJyc29jIHJhY3QgcnNldCBybG9jIHJ3ZWkgcmhyIHJwcm8gcm51dCByc2xlIiwiZXhwIjoxNDk4Njc4ODUwLCJpYXQiOjE0OTg2NTAwNTB9.wWoTMjLP3yO92o2aWk8Yh4WB_-gYb2SC6wbGd_uS3LY. Visit https://dev.fitbit.com/docs/oauth2 for more information on the Fitbit Web API authorization process."}],"success":false}
2017-06-28 19:05:18,420 INFO ERROR was out of date tokens, refreshing tokens.
2017-06-28 19:05:18,420 INFO Refresh token: 52e0a53645a61760df6f9343e20b9adcd685ef4a062fc7e7175913c97a531dfd
2017-06-28 19:05:18,648 INFO Writing new tokens to the config file
2017-06-28 19:05:18,648 INFO Writing this: eyJhbGciOiJIUzI1NiJ9.eyJzdWIiOiI1VDIzUjYiLCJhdWQiOiIyMjhGRDYiLCJpc3MiOiJGaXRiaXQiLCJ0eXAiOiJhY2Nlc3NfdG9rZW4iLCJzY29wZXMiOiJyc29jIHJhY3QgcnNldCBybG9jIHJ3ZWkgcmhyIHJwcm8gcm51dCByc2xlIiwiZXhwIjoxNDk4NzMwNzE5LCJpYXQiOjE0OTg3MDE5MTl9.nxd-zuifiz-5Iskn2EWBJcTxVeLk8y7C8EuuJUQwq64 and 243d07e0bf811968eb6af67236f77e14a003223c7e0439e9cfce48fdf45226bc
2017-06-28 19:05:18,653 INFO The passed access_token to MakeAPICall is eyJhbGciOiJIUzI1NiJ9.eyJzdWIiOiI1VDIzUjYiLCJhdWQiOiIyMjhGRDYiLCJpc3MiOiJGaXRiaXQiLCJ0eXAiOiJhY2Nlc3NfdG9rZW4iLCJzY29wZXMiOiJyc29jIHJhY3QgcnNldCBybG9jIHJ3ZWkgcmhyIHJwcm8gcm51dCByc2xlIiwiZXhwIjoxNDk4NzMwNzE5LCJpYXQiOjE0OTg3MDE5MTl9.nxd-zuifiz-5Iskn2EWBJcTxVeLk8y7C8EuuJUQwq64
2017-06-28 19:05:18,653 INFO Trying to open the URL
2017-06-28 19:05:18,793 INFO Reading the response
2017-06-28 19:05:18,802 INFO Writing the data to a file.
2017-06-28 19:05:18,825 INFO Successfully wrote data to file.
2017-06-28 19:05:18,826 INFO Call to the URL succeeded.
2017-06-28 19:05:18,828 INFO Opening the file: C:\Users\Owner\Documents\Code\MyData.txt
2017-06-28 19:05:18,828 INFO Reading from the file
2017-06-28 19:05:18,828 INFO Closing the file.
2017-06-28 19:05:18,829 INFO Trying to see whether the person has already woken up.
2017-06-28 19:05:18,829 INFO Sleep has not yet ended.
